2025-05-30 16:54:51 - INFO - Acadweb finaliazdo com sucesso
2025-05-30 16:57:13 - INFO - Acadweb finaliazdo com sucesso
2025-05-30 17:06:07 - INFO - Iniciando pipeline ETL via funções main()
2025-05-30 17:06:07 - INFO - Extracao iniciada
2025-05-30 17:07:50 - INFO - Acadweb finaliazdo com sucesso
2025-05-30 17:09:38 - INFO - Iniciando pipeline ETL via funcoes main()
2025-05-30 17:09:38 - INFO - Extracao iniciada
2025-05-30 17:11:21 - INFO - Acadweb finaliazdo com sucesso
2025-05-30 17:11:21 - INFO - Transformacao iniciada
2025-05-30 17:11:22 - INFO - Pipeline ETL finalizada com sucesso
2025-05-30 17:26:49 - INFO - Iniciando pipeline ETL via funcoes main()
2025-05-30 17:26:49 - INFO - Extracao iniciada
2025-05-30 17:28:30 - INFO - Acadweb finaliazdo com sucesso
2025-05-30 17:28:30 - INFO - Transformacao iniciada
2025-05-30 17:28:30 - INFO - Pipeline ETL finalizada com sucesso
2025-05-31 08:31:31 - INFO - Iniciando pipeline ETL via funcoes main()
2025-05-31 08:31:31 - INFO - Extracao iniciada
2025-05-31 08:33:14 - INFO - Acadweb finaliazdo com sucesso
2025-05-31 08:33:14 - INFO - Transformacao iniciada
2025-05-31 08:33:16 - INFO - Transformacao Comercial iniciada
2025-05-31 08:33:18 - INFO - Pipeline ETL finalizada com sucesso
2025-05-31 08:33:48 - INFO - Iniciando pipeline ETL via funcoes main()
2025-05-31 08:33:48 - INFO - Extracao iniciada
2025-05-31 08:35:27 - INFO - Acadweb finaliazdo com sucesso
2025-05-31 08:35:27 - INFO - Transformacao iniciada
2025-05-31 08:35:28 - INFO - Transformacao Comercial iniciada
2025-05-31 08:35:30 - INFO - Pipeline ETL finalizada com sucesso
2025-05-31 09:14:14 - INFO - Iniciando pipeline ETL via funcoes main()
2025-05-31 09:14:14 - INFO - Transformacao iniciada
2025-05-31 09:14:16 - INFO - Transformacao Comercial iniciada
2025-05-31 09:14:17 - INFO - Pipeline ETL finalizada com sucesso
2025-06-01 11:23:05 - INFO - Iniciando pipeline ETL via funcoes main()
2025-06-01 11:23:05 - INFO - Extracao iniciada
